[debug] [2023-04-20T10:08:24.981Z] ----------------------------------------------------------------------
[debug] [2023-04-20T10:08:24.982Z] Command:       /usr/local/bin/node /usr/local/bin/firebase init
[debug] [2023-04-20T10:08:24.982Z] CLI Version:   11.28.0
[debug] [2023-04-20T10:08:24.982Z] Platform:      darwin
[debug] [2023-04-20T10:08:24.982Z] Node Version:  v18.15.0
[debug] [2023-04-20T10:08:24.982Z] Time:          Thu Apr 20 2023 15:38:24 GMT+0530 (India Standard Time)
[debug] [2023-04-20T10:08:24.983Z] ----------------------------------------------------------------------
[debug] 
[debug] [2023-04-20T10:08:25.014Z] > command requires scopes: ["email","openid","https://www.googleapis.com/auth/cloudplatformprojects.readonly","https://www.googleapis.com/auth/firebase","https://www.googleapis.com/auth/cloud-platform"]
[debug] [2023-04-20T10:08:25.014Z] > authorizing via signed-in user (muralikrishnakokku23@gmail.com)
[info] 
     ######## #### ########  ######## ########     ###     ######  ########
     ##        ##  ##     ## ##       ##     ##  ##   ##  ##       ##
     ######    ##  ########  ######   ########  #########  ######  ######
     ##        ##  ##    ##  ##       ##     ## ##     ##       ## ##
     ##       #### ##     ## ######## ########  ##     ##  ######  ########

You're about to initialize a Firebase project in this directory:

  /Users/siddhunaidu/Desktop/jap/React/minipro 3

Before we get started, keep in mind:

  * You are initializing within an existing Firebase project directory

[info] 
=== Project Setup
[info] 
[info] First, let's associate this project directory with a Firebase project.
[info] You can create multiple project aliases by running firebase use --add, 
[info] but for now we'll just set up a default project.
[info] 
[debug] [2023-04-20T10:08:28.803Z] Using project from CLI flag: minipro-29e6a
[debug] [2023-04-20T10:08:28.805Z] >>> [apiv2][query] GET https://firebase.googleapis.com/v1beta1/projects/minipro-29e6a [none]
[debug] [2023-04-20T10:08:29.350Z] <<< [apiv2][status] GET https://firebase.googleapis.com/v1beta1/projects/minipro-29e6a 200
[debug] [2023-04-20T10:08:29.350Z] <<< [apiv2][body] GET https://firebase.googleapis.com/v1beta1/projects/minipro-29e6a {"projectId":"minipro-29e6a","projectNumber":"709742842938","displayName":"minipro","name":"projects/minipro-29e6a","resources":{"hostingSite":"minipro-29e6a"},"state":"ACTIVE","etag":"1_90989cad-d7f3-4058-ab79-6d981b41cb57"}
[info] i  Using project minipro-29e6a (minipro) 
[info] 
=== Hosting Setup
[info] 
[info] Your public directory is the folder (relative to your project directory) that
[info] will contain Hosting assets to be uploaded with firebase deploy. If you
[info] have a build process for your assets, use your build's output directory.
[info] 
[debug] [2023-04-20T10:08:38.721Z] >>> [apiv2][query] GET https://www.gstatic.com/firebasejs/releases.json [none]
[debug] [2023-04-20T10:08:38.843Z] <<< [apiv2][status] GET https://www.gstatic.com/firebasejs/releases.json 200
[debug] [2023-04-20T10:08:38.843Z] <<< [apiv2][body] GET https://www.gstatic.com/firebasejs/releases.json {"current":{"version":"9.20.0","browserURL":"https://www.gstatic.com/firebasejs/9.20.0/firebase.js","packageURL":"https://www.gstatic.com/firebasejs/9.20.0/firebase.tgz"},"live":{"version":"9.20","browserURL":"https://www.gstatic.com/firebasejs/live/9.20/firebase.js","packageURL":"https://www.gstatic.com/firebasejs/live/9.20/firebase.tgz"},"components":{"analytics":"https://www.gstatic.com/firebasejs/9.20.0/firebase-analytics.js","app":"https://www.gstatic.com/firebasejs/9.20.0/firebase-app.js","app-check":"https://www.gstatic.com/firebasejs/9.20.0/firebase-app-check.js","auth":"https://www.gstatic.com/firebasejs/9.20.0/firebase-auth.js","auth/cordova":"https://www.gstatic.com/firebasejs/9.20.0/firebase-auth/cordova.js","auth/react-native":"https://www.gstatic.com/firebasejs/9.20.0/firebase-auth/react-native.js","functions":"https://www.gstatic.com/firebasejs/9.20.0/firebase-functions.js","firestore":"https://www.gstatic.com/firebasejs/9.20.0/firebase-firestore.js","firestore/lite":"https://www.gstatic.com/firebasejs/9.20.0/firebase-firestore/lite.js","installations":"https://www.gstatic.com/firebasejs/9.20.0/firebase-installations.js","storage":"https://www.gstatic.com/firebasejs/9.20.0/firebase-storage.js","performance":"https://www.gstatic.com/firebasejs/9.20.0/firebase-performance.js","remote-config":"https://www.gstatic.com/firebasejs/9.20.0/firebase-remote-config.js","messaging":"https://www.gstatic.com/firebasejs/9.20.0/firebase-messaging.js","messaging/sw":"https://www.gstatic.com/firebasejs/9.20.0/firebase-messaging/sw.js","database":"https://www.gstatic.com/firebasejs/9.20.0/firebase-database.js","firestore.memory":"https://www.gstatic.com/firebasejs/9.20.0/firebase-firestore.memory.js"}}
[info] i  Skipping write of build/index.html 
[info] 
[info] i  Detected a .git folder at /Users/siddhunaidu/Desktop/jap/React/minipro 3 
[info] i  Authorizing with GitHub to upload your service account to a GitHub repository's secrets store. 
[info] 
[info] Visit this URL on this device to log in:
[info] https://github.com/login/oauth/authorize?client_id=89cf50f02ac6aaed3484&state=551046150&redirect_uri=http%3A%2F%2Flocalhost%3A9005&scope=read%3Auser%20repo%20public_repo
[info] 
[info] Waiting for authentication...
[debug] [2023-04-20T10:08:54.514Z] >>> [apiv2][query] POST https://github.com/login/oauth/access_token [none]
[debug] [2023-04-20T10:08:54.514Z] >>> [apiv2][body] POST https://github.com/login/oauth/access_token [stream]
[debug] [2023-04-20T10:08:54.986Z] <<< [apiv2][status] POST https://github.com/login/oauth/access_token 200
[debug] [2023-04-20T10:08:54.987Z] <<< [apiv2][body] POST https://github.com/login/oauth/access_token {"access_token":"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","token_type":"bearer","scope":"read:user,repo"}
[debug] [2023-04-20T10:08:54.997Z] >>> [apiv2][query] GET https://api.github.com/user [none]
[debug] [2023-04-20T10:08:55.442Z] <<< [apiv2][status] GET https://api.github.com/user 200
[debug] [2023-04-20T10:08:55.443Z] <<< [apiv2][body] GET https://api.github.com/user {"login":"kokkumuralikrishna","id":123452851,"node_id":"U_kgDOB1u9sw","avatar_url":"https://avatars.githubusercontent.com/u/123452851?v=4","gravatar_id":"","url":"https://api.github.com/users/kokkumuralikrishna","html_url":"https://github.com/kokkumuralikrishna","followers_url":"https://api.github.com/users/kokkumuralikrishna/followers","following_url":"https://api.github.com/users/kokkumuralikrishna/following{/other_user}","gists_url":"https://api.github.com/users/kokkumuralikrishna/gists{/gist_id}","starred_url":"https://api.github.com/users/kokkumuralikrishna/starred{/owner}{/repo}","subscriptions_url":"https://api.github.com/users/kokkumuralikrishna/subscriptions","organizations_url":"https://api.github.com/users/kokkumuralikrishna/orgs","repos_url":"https://api.github.com/users/kokkumuralikrishna/repos","events_url":"https://api.github.com/users/kokkumuralikrishna/events{/privacy}","received_events_url":"https://api.github.com/users/kokkumuralikrishna/received_events","type":"User","site_admin":false,"name":"Murali Krishna","company":null,"blog":"","location":null,"email":null,"hireable":null,"bio":null,"twitter_username":null,"public_repos":17,"public_gists":0,"followers":0,"following":0,"created_at":"2023-01-24T09:18:06Z","updated_at":"2023-03-20T10:54:13Z","private_gists":0,"total_private_repos":0,"owned_private_repos":0,"disk_usage":5378,"collaborators":0,"two_factor_authentication":false,"plan":{"name":"free","space":976562499,"collaborators":0,"private_repos":10000}}
[info] 
[info] ✔  Success! Logged into GitHub as kokkumuralikrishna 
[info] 
[debug] [2023-04-20T10:11:57.366Z] >>> [apiv2][query] GET https://api.github.com/repos/clear/actions/secrets/public-key type=owner
[debug] [2023-04-20T10:11:57.749Z] <<< [apiv2][status] GET https://api.github.com/repos/clear/actions/secrets/public-key 401
[debug] [2023-04-20T10:11:57.749Z] <<< [apiv2][body] GET https://api.github.com/repos/clear/actions/secrets/public-key {"message":"Bad credentials","documentation_url":"https://docs.github.com/rest"}
[debug] [2023-04-20T10:11:59.225Z] >>> [apiv2][query] GET https://api.github.com/repos/clear/actions/secrets/public-key type=owner
[debug] [2023-04-20T10:11:59.662Z] <<< [apiv2][status] GET https://api.github.com/repos/clear/actions/secrets/public-key 401
[debug] [2023-04-20T10:11:59.663Z] <<< [apiv2][body] GET https://api.github.com/repos/clear/actions/secrets/public-key {"message":"Bad credentials","documentation_url":"https://docs.github.com/rest"}
[debug] [2023-04-20T10:12:04.973Z] >>> [apiv2][query] GET https://api.github.com/repos/clear/actions/secrets/public-key type=owner
[debug] [2023-04-20T10:12:05.398Z] <<< [apiv2][status] GET https://api.github.com/repos/clear/actions/secrets/public-key 401
[debug] [2023-04-20T10:12:05.399Z] <<< [apiv2][body] GET https://api.github.com/repos/clear/actions/secrets/public-key {"message":"Bad credentials","documentation_url":"https://docs.github.com/rest"}
